{"C:\\Users\\Pietro\\Documents\\Programmi\\Ing software 2\\esameverissimo\\vero\\again\\trentose2jan12-pietrobolcato\\area.js": {"path":"C:\\Users\\Pietro\\Documents\\Programmi\\Ing software 2\\esameverissimo\\vero\\again\\trentose2jan12-pietrobolcato\\area.js","statementMap":{"0":{"start":{"line":3,"column":11},"end":{"line":3,"column":13}},"1":{"start":{"line":4,"column":4},"end":{"line":17,"column":5}},"2":{"start":{"line":6,"column":8},"end":{"line":16,"column":9}},"3":{"start":{"line":8,"column":20},"end":{"line":8,"column":26}},"4":{"start":{"line":9,"column":20},"end":{"line":9,"column":26}},"5":{"start":{"line":11,"column":12},"end":{"line":15,"column":13}},"6":{"start":{"line":13,"column":16},"end":{"line":14,"column":30}},"7":{"start":{"line":14,"column":20},"end":{"line":14,"column":30}},"8":{"start":{"line":19,"column":1},"end":{"line":19,"column":12}},"9":{"start":{"line":22,"column":0},"end":{"line":22,"column":25}}},"fnMap":{"0":{"name":"getArea","decl":{"start":{"line":1,"column":9},"end":{"line":1,"column":16}},"loc":{"start":{"line":2,"column":0},"end":{"line":20,"column":1}},"line":2}},"branchMap":{"0":{"loc":{"start":{"line":4,"column":4},"end":{"line":17,"column":5}},"type":"if","locations":[{"start":{"line":4,"column":4},"end":{"line":17,"column":5}},{"start":{"line":4,"column":4},"end":{"line":17,"column":5}}],"line":4},"1":{"loc":{"start":{"line":6,"column":8},"end":{"line":16,"column":9}},"type":"if","locations":[{"start":{"line":6,"column":8},"end":{"line":16,"column":9}},{"start":{"line":6,"column":8},"end":{"line":16,"column":9}}],"line":6},"2":{"loc":{"start":{"line":11,"column":12},"end":{"line":15,"column":13}},"type":"if","locations":[{"start":{"line":11,"column":12},"end":{"line":15,"column":13}},{"start":{"line":11,"column":12},"end":{"line":15,"column":13}}],"line":11},"3":{"loc":{"start":{"line":11,"column":16},"end":{"line":11,"column":58}},"type":"binary-expr","locations":[{"start":{"line":11,"column":16},"end":{"line":11,"column":35}},{"start":{"line":11,"column":39},"end":{"line":11,"column":58}}],"line":11},"4":{"loc":{"start":{"line":13,"column":16},"end":{"line":14,"column":30}},"type":"if","locations":[{"start":{"line":13,"column":16},"end":{"line":14,"column":30}},{"start":{"line":13,"column":16},"end":{"line":14,"column":30}}],"line":13},"5":{"loc":{"start":{"line":13,"column":20},"end":{"line":13,"column":36}},"type":"binary-expr","locations":[{"start":{"line":13,"column":20},"end":{"line":13,"column":26}},{"start":{"line":13,"column":30},"end":{"line":13,"column":36}}],"line":13}},"s":{"0":11,"1":11,"2":10,"3":9,"4":9,"5":9,"6":8,"7":5,"8":11,"9":1},"f":{"0":11},"b":{"0":[10,1],"1":[9,1],"2":[8,1],"3":[9,8],"4":[5,3],"5":[8,7]},"_coverageSchema":"332fd63041d2c1bcb487cc26dd0d5f7d97098a6c","hash":"cbd8c2b8d43004bc6f92f9d4b59e4dc1997142ae"}
}
